#
# There is insufficient memory for the Java Runtime Environment to continue.
# Native memory allocation (mmap) failed to map 105906176 bytes for Failed to commit area from 0x000000008b000000 to 0x0000000091500000 of length 105906176.
# Possible reasons:
#   The system is out of physical RAM or swap space
#   The process is running with CompressedOops enabled, and the Java Heap may be blocking the growth of the native heap
# Possible solutions:
#   Reduce memory load on the system
#   Increase physical memory or swap space
#   Check if swap backing store is full
#   Decrease Java heap size (-Xmx/-Xms)
#   Decrease number of Java threads
#   Decrease Java thread stack sizes (-Xss)
#   Set larger code cache with -XX:ReservedCodeCacheSize=
#   JVM is running with Unscaled Compressed Oops mode in which the Java heap is
#     placed in the first 4GB address space. The Java Heap base address is the
#     maximum limit for the native heap growth. Please use -XX:HeapBaseMinAddress
#     to set the Java Heap base and to place the Java Heap above 4GB virtual address.
# This output file may be truncated or incomplete.
#
#  Out of Memory Error (./open/src/hotspot/os/windows/os_windows.cpp:3284), pid=8560, tid=13112
#
# JRE version: Java(TM) SE Runtime Environment 18.9 (11.0.14+8) (build 11.0.14+8-LTS-263)
# Java VM: Java HotSpot(TM) 64-Bit Server VM 18.9 (11.0.14+8-LTS-263, mixed mode, tiered, compressed oops, g1 gc, windows-amd64)
# No core dump will be written. Minidumps are not enabled by default on client versions of Windows
#

---------------  S U M M A R Y ------------

Command Line: -Dmaven.home=EMBEDDED -Dclassworlds.conf=D:\Thuc Tap\eclipse-workspace\.metadata\.plugins\org.eclipse.m2e.launching\launches\m2conf15746491663445977784.tmp -Dmaven.multiModuleProjectDirectory=D:\Thuc Tap\phan mem\C-Biomarker.net -Dfile.encoding=Cp1252 org.codehaus.plexus.classworlds.launcher.Launcher -B install

Host: Intel(R) Core(TM) i5-4300U CPU @ 1.90GHz, 4 cores, 7G,  Windows 10 , 64 bit Build 19041 (10.0.19041.1566)
Time: Mon May 23 01:59:17 2022 SE Asia Standard Time elapsed time: 12.449452 seconds (0d 0h 0m 12s)

---------------  T H R E A D  ---------------

Current thread (0x0000019a54eeb800):  VMThread "VM Thread" [stack: 0x00000003a3e00000,0x00000003a3f00000] [id=13112]

Stack: [0x00000003a3e00000,0x00000003a3f00000]
[error occurred during error reporting (printing stack bounds), id 0xc0000005, EXCEPTION_ACCESS_VIOLATION (0xc0000005) at pc=0x0000019a3e740f2d]

Native frames: (J=compiled Java code, j=interpreted, Vv=VM code, C=native code)
V  [jvm.dll+0x6296da]
V  [jvm.dll+0x76323f]
V  [jvm.dll+0x7648e9]
V  [jvm.dll+0x764ed5]
V  [jvm.dll+0x764e8b]
V  [jvm.dll+0x628c23]
V  [jvm.dll+0x6292d8]
C  [ntdll.dll+0xa20cf]
C  [ntdll.dll+0x51454]
C  [ntdll.dll+0xa0bfe]
C  0x0000019a3e740f2d

VM_Operation (0x00000003a38fc240): G1CollectForAllocation, mode: safepoint, requested by thread 0x0000019a358c6800


---------------  P R O C E S S  ---------------

Threads class SMR info:
_java_thread_list=0x0000019a573d7ab0, length=11, elements={
0x0000019a358c6800, 0x0000019a54f0e000, 0x0000019a54f19800, 0x0000019a54f28000,
0x0000019a54f29800, 0x0000019a54f2a800, 0x0000019a54f39800, 0x0000019a54f4f800,
0x0000019a54f5d000, 0x0000019a559dc000, 0x0000019a56091000
}

Java Threads: ( => current thread )
  0x0000019a358c6800 JavaThread "main" [_thread_blocked, id=1732, stack(0x00000003a3800000,0x00000003a3900000)]
  0x0000019a54f0e000 JavaThread "Reference Handler" daemon [_thread_blocked, id=7488, stack(0x00000003a3f00000,0x00000003a4000000)]
  0x0000019a54f19800 JavaThread "Finalizer" daemon [_thread_blocked, id=3000, stack(0x00000003a4000000,0x00000003a4100000)]
  0x0000019a54f28000 JavaThread "Signal Dispatcher" daemon [_thread_blocked, id=2580, stack(0x00000003a4100000,0x00000003a4200000)]
  0x0000019a54f29800 JavaThread "Attach Listener" daemon [_thread_blocked, id=1096, stack(0x00000003a4200000,0x00000003a4300000)]
  0x0000019a54f2a800 JavaThread "Service Thread" daemon [_thread_blocked, id=10300, stack(0x00000003a4300000,0x00000003a4400000)]
  0x0000019a54f39800 JavaThread "C2 CompilerThread0" daemon [_thread_blocked, id=12560, stack(0x00000003a4400000,0x00000003a4500000)]
  0x0000019a54f4f800 JavaThread "C1 CompilerThread0" daemon [_thread_blocked, id=11196, stack(0x00000003a4500000,0x00000003a4600000)]
  0x0000019a54f5d000 JavaThread "Sweeper thread" daemon [_thread_blocked, id=4280, stack(0x00000003a4600000,0x00000003a4700000)]
  0x0000019a559dc000 JavaThread "Common-Cleaner" daemon [_thread_blocked, id=7996, stack(0x00000003a4800000,0x00000003a4900000)]
  0x0000019a56091000 JavaThread "C2 CompilerThread1" daemon [_thread_blocked, id=12224, stack(0x00000003a4b00000,0x00000003a4c00000)]

Other Threads:
=>0x0000019a54eeb800 VMThread "VM Thread" [stack: 0x00000003a3e00000,0x00000003a3f00000] [id=13112]
  0x0000019a559db800 WatcherThread [stack: 0x00000003a4700000,0x00000003a4800000] [id=2760]
  0x0000019a358de000 GCTaskThread "GC Thread#0" [stack: 0x00000003a3900000,0x00000003a3a00000] [id=14016]
  0x0000019a563f0000 GCTaskThread "GC Thread#1" [stack: 0x00000003a4900000,0x00000003a4a00000] [id=12992]
  0x0000019a56362000 GCTaskThread "GC Thread#2" [stack: 0x00000003a4a00000,0x00000003a4b00000] [id=12024]
  0x0000019a3590f000 ConcurrentGCThread "G1 Main Marker" [stack: 0x00000003a3a00000,0x00000003a3b00000] [id=12444]
  0x0000019a35910800 ConcurrentGCThread "G1 Conc#0" [stack: 0x00000003a3b00000,0x00000003a3c00000] [id=1412]
  0x0000019a359a3000 ConcurrentGCThread "G1 Refine#0" [stack: 0x00000003a3c00000,0x00000003a3d00000] [id=1448]
  0x0000019a58e0c800 ConcurrentGCThread "G1 Refine#1" [stack: 0x00000003a4c00000,0x00000003a4d00000] [id=3692]
  0x0000019a59cce800 ConcurrentGCThread "G1 Refine#2" [stack: 0x00000003a4d00000,0x00000003a4e00000] [id=9260]
  0x0000019a573a8000 ConcurrentGCThread "G1 Refine#3" [stack: 0x00000003a4e00000,0x00000003a4f00000] [id=5072]
  0x0000019a359a6000 ConcurrentGCThread "G1 Young RemSet Sampling" [stack: 0x00000003a3d00000,0x00000003a3e00000] [id=13552]

Threads with active compile tasks:
C2 CompilerThread0  12479 4340   !   4       aQute.lib.osgi.Clazz::parseClassFile (41 bytes)
C2 CompilerThread1  12479 4338   !   4       aQute.lib.osgi.Clazz::parseClassFile (1213 bytes)

VM state:at safepoint (normal execution)

VM Mutex/Monitor currently owned by a thread:  ([mutex/lock_event])
[0x0000019a358c2f80] Threads_lock - owner thread: 0x0000019a54eeb800
[0x0000019a358c3250] Heap_lock - owner thread: 0x0000019a358c6800

Heap address: 0x0000000081600000, size: 2026 MB, Compressed Oops mode: 32-bit
Narrow klass base: 0x0000000000000000, Narrow klass shift: 3
Compressed class space size: 1073741824 Address: 0x0000000100000000

Heap:
 garbage-first heap   total 261120K, used 66127K [0x0000000081600000, 0x0000000100000000)
  region size 1024K, 8 young (8192K), 8 survivors (8192K)
 Metaspace       used 25323K, capacity 25813K, committed 26032K, reserved 1073152K
  class space    used 2531K, capacity 2715K, committed 2816K, reserved 1048576K
Heap Regions: E=young(eden), S=young(survivor), O=old, HS=humongous(starts), HC=humongous(continues), CS=collection set, F=free, A=archive, TAMS=top-at-mark-start (previous, next)
|   0|0x0000000081600000, 0x0000000081700000, 0x0000000081700000|100%| O|  |TAMS 0x000000008169c200, 0x0000000081600000| Untracked 
|   1|0x0000000081700000, 0x0000000081800000, 0x0000000081800000|100%| O|  |TAMS 0x0000000081700000, 0x0000000081700000| Untracked 
|   2|0x0000000081800000, 0x0000000081900000, 0x0000000081900000|100%| O|  |TAMS 0x0000000081800000, 0x0000000081800000| Untracked 
|   3|0x0000000081900000, 0x0000000081a00000, 0x0000000081a00000|100%|HS|  |TAMS 0x0000000081900000, 0x0000000081900000| Complete 
|   4|0x0000000081a00000, 0x0000000081b00000, 0x0000000081b00000|100%|HS|  |TAMS 0x0000000081a00000, 0x0000000081a00000| Complete 
|   5|0x0000000081b00000, 0x0000000081c00000, 0x0000000081c00000|100%|HC|  |TAMS 0x0000000081b00000, 0x0000000081b00000| Complete 
|   6|0x0000000081c00000, 0x0000000081d00000, 0x0000000081d00000|100%|HC|  |TAMS 0x0000000081c00000, 0x0000000081c00000| Complete 
|   7|0x0000000081d00000, 0x0000000081e00000, 0x0000000081e00000|100%| O|  |TAMS 0x0000000081d00000, 0x0000000081d00000| Untracked 
|   8|0x0000000081e00000, 0x0000000081f00000, 0x0000000081f00000|100%| O|  |TAMS 0x0000000081e00000, 0x0000000081e00000| Untracked 
|   9|0x0000000081f00000, 0x0000000082000000, 0x0000000082000000|100%| O|  |TAMS 0x0000000081f00000, 0x0000000081f00000| Untracked 
|  10|0x0000000082000000, 0x0000000082100000, 0x0000000082100000|100%| O|  |TAMS 0x0000000082000000, 0x0000000082000000| Untracked 
|  11|0x0000000082100000, 0x0000000082200000, 0x0000000082200000|100%| O|  |TAMS 0x0000000082100000, 0x0000000082100000| Untracked 
|  12|0x0000000082200000, 0x0000000082300000, 0x0000000082300000|100%| O|  |TAMS 0x0000000082200000, 0x0000000082200000| Untracked 
|  13|0x0000000082300000, 0x0000000082400000, 0x0000000082400000|100%| O|  |TAMS 0x0000000082300000, 0x0000000082300000| Untracked 
|  14|0x0000000082400000, 0x0000000082500000, 0x0000000082500000|100%| O|  |TAMS 0x0000000082400000, 0x0000000082400000| Untracked 
|  15|0x0000000082500000, 0x0000000082600000, 0x0000000082600000|100%| O|  |TAMS 0x0000000082500000, 0x0000000082500000| Untracked 
|  16|0x0000000082600000, 0x0000000082700000, 0x0000000082700000|100%| O|  |TAMS 0x0000000082600000, 0x0000000082600000| Untracked 
|  17|0x0000000082700000, 0x0000000082800000, 0x0000000082800000|100%| O|  |TAMS 0x0000000082700000, 0x0000000082700000| Untracked 
|  18|0x0000000082800000, 0x0000000082900000, 0x0000000082900000|100%| O|  |TAMS 0x0000000082800000, 0x0000000082800000| Untracked 
|  19|0x0000000082900000, 0x0000000082a00000, 0x0000000082a00000|100%| O|  |TAMS 0x0000000082900000, 0x0000000082900000| Untracked 
|  20|0x0000000082a00000, 0x0000000082b00000, 0x0000000082b00000|100%| O|  |TAMS 0x0000000082a00000, 0x0000000082a00000| Untracked 
|  21|0x0000000082b00000, 0x0000000082c00000, 0x0000000082c00000|100%| O|  |TAMS 0x0000000082b00000, 0x0000000082b00000| Untracked 
|  22|0x0000000082c00000, 0x0000000082d00000, 0x0000000082d00000|100%| O|  |TAMS 0x0000000082c00000, 0x0000000082c00000| Untracked 
|  23|0x0000000082d00000, 0x0000000082e00000, 0x0000000082e00000|100%| O|  |TAMS 0x0000000082d00000, 0x0000000082d00000| Untracked 
|  24|0x0000000082e00000, 0x0000000082f00000, 0x0000000082f00000|100%| O|  |TAMS 0x0000000082e00000, 0x0000000082e00000| Untracked 
|  25|0x0000000082f00000, 0x0000000083000000, 0x0000000083000000|100%| O|  |TAMS 0x0000000082f00000, 0x0000000082f00000| Untracked 
|  26|0x0000000083000000, 0x0000000083100000, 0x0000000083100000|100%| O|  |TAMS 0x0000000083000000, 0x0000000083000000| Untracked 
|  27|0x0000000083100000, 0x0000000083200000, 0x0000000083200000|100%| O|  |TAMS 0x0000000083100000, 0x0000000083100000| Untracked 
|  28|0x0000000083200000, 0x0000000083300000, 0x0000000083300000|100%| O|  |TAMS 0x0000000083200000, 0x0000000083200000| Untracked 
|  29|0x0000000083300000, 0x0000000083400000, 0x0000000083400000|100%| O|  |TAMS 0x0000000083300000, 0x0000000083300000| Untracked 
|  30|0x0000000083400000, 0x0000000083500000, 0x0000000083500000|100%| O|  |TAMS 0x0000000083400000, 0x0000000083400000| Untracked 
|  31|0x0000000083500000, 0x0000000083600000, 0x0000000083600000|100%| O|  |TAMS 0x0000000083500000, 0x0000000083500000| Untracked 
|  32|0x0000000083600000, 0x0000000083700000, 0x0000000083700000|100%| O|  |TAMS 0x0000000083600000, 0x0000000083600000| Untracked 
|  33|0x0000000083700000, 0x0000000083800000, 0x0000000083800000|100%| O|  |TAMS 0x0000000083700000, 0x0000000083700000| Untracked 
|  34|0x0000000083800000, 0x0000000083900000, 0x0000000083900000|100%| O|  |TAMS 0x0000000083800000, 0x0000000083800000| Untracked 
|  35|0x0000000083900000, 0x0000000083a00000, 0x0000000083a00000|100%| O|  |TAMS 0x0000000083900000, 0x0000000083900000| Untracked 
|  36|0x0000000083a00000, 0x0000000083b00000, 0x0000000083b00000|100%| O|  |TAMS 0x0000000083a00000, 0x0000000083a00000| Untracked 
|  37|0x0000000083b00000, 0x0000000083c00000, 0x0000000083c00000|100%| O|  |TAMS 0x0000000083b00000, 0x0000000083b00000| Untracked 
|  38|0x0000000083c00000, 0x0000000083d00000, 0x0000000083d00000|100%| O|  |TAMS 0x0000000083c00000, 0x0000000083c00000| Untracked 
|  39|0x0000000083d00000, 0x0000000083e00000, 0x0000000083e00000|100%| O|  |TAMS 0x0000000083d00000, 0x0000000083d00000| Untracked 
|  40|0x0000000083e00000, 0x0000000083f00000, 0x0000000083f00000|100%| O|  |TAMS 0x0000000083e00000, 0x0000000083e00000| Untracked 
|  41|0x0000000083f00000, 0x0000000084000000, 0x0000000084000000|100%| O|  |TAMS 0x0000000083f00000, 0x0000000083f00000| Untracked 
|  42|0x0000000084000000, 0x0000000084100000, 0x0000000084100000|100%| O|  |TAMS 0x0000000084000000, 0x0000000084000000| Untracked 
|  43|0x0000000084100000, 0x0000000084200000, 0x0000000084200000|100%| O|  |TAMS 0x0000000084100000, 0x0000000084100000| Untracked 
|  44|0x0000000084200000, 0x0000000084300000, 0x0000000084300000|100%| O|  |TAMS 0x0000000084200000, 0x0000000084200000| Untracked 
|  45|0x0000000084300000, 0x0000000084400000, 0x0000000084400000|100%| O|  |TAMS 0x0000000084300000, 0x0000000084300000| Untracked 
|  46|0x0000000084400000, 0x0000000084500000, 0x0000000084500000|100%| O|  |TAMS 0x0000000084400000, 0x0000000084400000| Untracked 
|  47|0x0000000084500000, 0x0000000084600000, 0x0000000084600000|100%| O|  |TAMS 0x0000000084500000, 0x0000000084500000| Untracked 
|  48|0x0000000084600000, 0x0000000084700000, 0x0000000084700000|100%| O|  |TAMS 0x0000000084600000, 0x0000000084600000| Untracked 
|  49|0x0000000084700000, 0x0000000084800000, 0x0000000084800000|100%| O|  |TAMS 0x0000000084700000, 0x0000000084700000| Untracked 
|  50|0x0000000084800000, 0x0000000084900000, 0x0000000084900000|100%| O|  |TAMS 0x0000000084800000, 0x0000000084800000| Untracked 
|  51|0x0000000084900000, 0x0000000084a00000, 0x0000000084a00000|100%| O|  |TAMS 0x0000000084900000, 0x0000000084900000| Untracked 
|  52|0x0000000084a00000, 0x0000000084b00000, 0x0000000084b00000|100%| O|  |TAMS 0x0000000084a00000, 0x0000000084a00000| Untracked 
|  53|0x0000000084b00000, 0x0000000084c00000, 0x0000000084c00000|100%| O|  |TAMS 0x0000000084b00000, 0x0000000084b00000| Untracked 
|  54|0x0000000084c00000, 0x0000000084d00000, 0x0000000084d00000|100%| O|  |TAMS 0x0000000084c00000, 0x0000000084c00000| Untracked 
|  55|0x0000000084d00000, 0x0000000084e00000, 0x0000000084e00000|100%| O|  |TAMS 0x0000000084d00000, 0x0000000084d00000| Untracked 
|  56|0x0000000084e00000, 0x0000000084f00000, 0x0000000084f00000|100%| O|  |TAMS 0x0000000084e00000, 0x0000000084e00000| Untracked 
|  57|0x0000000084f00000, 0x0000000084f32c00, 0x0000000085000000| 19%| O|  |TAMS 0x0000000084f00000, 0x0000000084f00000| Untracked 
|  58|0x0000000085000000, 0x0000000085000000, 0x0000000085100000|  0%| F|  |TAMS 0x0000000085000000, 0x0000000085000000| Untracked 
|  59|0x0000000085100000, 0x0000000085100000, 0x0000000085200000|  0%| F|  |TAMS 0x0000000085100000, 0x0000000085100000| Untracked 
|  60|0x0000000085200000, 0x0000000085200000, 0x0000000085300000|  0%| F|  |TAMS 0x0000000085200000, 0x0000000085200000| Untracked 
|  61|0x0000000085300000, 0x0000000085300000, 0x0000000085400000|  0%| F|  |TAMS 0x0000000085300000, 0x0000000085300000| Untracked 
|  62|0x0000000085400000, 0x0000000085400000, 0x0000000085500000|  0%| F|  |TAMS 0x0000000085400000, 0x0000000085400000| Untracked 
|  63|0x0000000085500000, 0x0000000085500000, 0x0000000085600000|  0%| F|  |TAMS 0x0000000085500000, 0x0000000085500000| Untracked 
|  64|0x0000000085600000, 0x0000000085600000, 0x0000000085700000|  0%| F|  |TAMS 0x0000000085600000, 0x0000000085600000| Untracked 
|  65|0x0000000085700000, 0x0000000085700000, 0x0000000085800000|  0%| F|  |TAMS 0x0000000085700000, 0x0000000085700000| Untracked 
|  66|0x0000000085800000, 0x0000000085800000, 0x0000000085900000|  0%| F|  |TAMS 0x0000000085800000, 0x0000000085800000| Untracked 
|  67|0x0000000085900000, 0x0000000085900000, 0x0000000085a00000|  0%| F|  |TAMS 0x0000000085900000, 0x0000000085900000| Untracked 
|  68|0x0000000085a00000, 0x0000000085a00000, 0x0000000085b00000|  0%| F|  |TAMS 0x0000000085a00000, 0x0000000085a00000| Untracked 
|  69|0x0000000085b00000, 0x0000000085b00000, 0x0000000085c00000|  0%| F|  |TAMS 0x0000000085b00000, 0x0000000085b00000| Untracked 
|  70|0x0000000085c00000, 0x0000000085c00000, 0x0000000085d00000|  0%| F|  |TAMS 0x0000000085c00000, 0x0000000085c00000| Untracked 
|  71|0x0000000085d00000, 0x0000000085d00000, 0x0000000085e00000|  0%| F|  |TAMS 0x0000000085d00000, 0x0000000085d00000| Untracked 
|  72|0x0000000085e00000, 0x0000000085e00000, 0x0000000085f00000|  0%| F|  |TAMS 0x0000000085e00000, 0x0000000085e00000| Untracked 
|  73|0x0000000085f00000, 0x0000000085f00000, 0x0000000086000000|  0%| F|  |TAMS 0x0000000085f00000, 0x0000000085f00000| Untracked 
|  74|0x0000000086000000, 0x0000000086000000, 0x0000000086100000|  0%| F|  |TAMS 0x0000000086000000, 0x0000000086000000| Untracked 
|  75|0x0000000086100000, 0x0000000086100000, 0x0000000086200000|  0%| F|  |TAMS 0x0000000086100000, 0x0000000086100000| Untracked 
|  76|0x0000000086200000, 0x0000000086261080, 0x0000000086300000| 37%| S|CS|TAMS 0x0000000086200000, 0x0000000086200000| Complete 
|  77|0x0000000086300000, 0x0000000086400000, 0x0000000086400000|100%| S|CS|TAMS 0x0000000086300000, 0x0000000086300000| Complete 
|  78|0x0000000086400000, 0x0000000086500000, 0x0000000086500000|100%| S|CS|TAMS 0x0000000086400000, 0x0000000086400000| Complete 
|  79|0x0000000086500000, 0x0000000086600000, 0x0000000086600000|100%| S|CS|TAMS 0x0000000086500000, 0x0000000086500000| Complete 
|  80|0x0000000086600000, 0x0000000086700000, 0x0000000086700000|100%| S|CS|TAMS 0x0000000086600000, 0x0000000086600000| Complete 
|  81|0x0000000086700000, 0x0000000086800000, 0x0000000086800000|100%| S|CS|TAMS 0x0000000086700000, 0x0000000086700000| Complete 
|  82|0x0000000086800000, 0x0000000086800000, 0x0000000086900000|  0%| F|  |TAMS 0x0000000086800000, 0x0000000086800000| Untracked 
|  83|0x0000000086900000, 0x0000000086900000, 0x0000000086a00000|  0%| F|  |TAMS 0x0000000086900000, 0x0000000086900000| Untracked 
|  84|0x0000000086a00000, 0x0000000086a00000, 0x0000000086b00000|  0%| F|  |TAMS 0x0000000086a00000, 0x0000000086a00000| Untracked 
|  85|0x0000000086b00000, 0x0000000086b00000, 0x0000000086c00000|  0%| F|  |TAMS 0x0000000086b00000, 0x0000000086b00000| Untracked 
|  86|0x0000000086c00000, 0x0000000086c00000, 0x0000000086d00000|  0%| F|  |TAMS 0x0000000086c00000, 0x0000000086c00000| Untracked 
|  87|0x0000000086d00000, 0x0000000086d00000, 0x0000000086e00000|  0%| F|  |TAMS 0x0000000086d00000, 0x0000000086d00000| Untracked 
|  88|0x0000000086e00000, 0x0000000086f00000, 0x0000000086f00000|100%| S|CS|TAMS 0x0000000086e00000, 0x0000000086e00000| Complete 
|  89|0x0000000086f00000, 0x0000000087000000, 0x0000000087000000|100%| S|CS|TAMS 0x0000000086f00000, 0x0000000086f00000| Complete 
|  90|0x0000000087000000, 0x0000000087000000, 0x0000000087100000|  0%| F|  |TAMS 0x0000000087000000, 0x0000000087000000| Untracked 
|  91|0x0000000087100000, 0x0000000087100000, 0x0000000087200000|  0%| F|  |TAMS 0x0000000087100000, 0x0000000087100000| Untracked 
|  92|0x0000000087200000, 0x0000000087200000, 0x0000000087300000|  0%| F|  |TAMS 0x0000000087200000, 0x0000000087200000| Untracked 
|  93|0x0000000087300000, 0x0000000087300000, 0x0000000087400000|  0%| F|  |TAMS 0x0000000087300000, 0x0000000087300000| Untracked 
|  94|0x0000000087400000, 0x0000000087400000, 0x0000000087500000|  0%| F|  |TAMS 0x0000000087400000, 0x0000000087400000| Untracked 
|  95|0x0000000087500000, 0x0000000087500000, 0x0000000087600000|  0%| F|  |TAMS 0x0000000087500000, 0x0000000087500000| Untracked 
|  96|0x0000000087600000, 0x0000000087600000, 0x0000000087700000|  0%| F|  |TAMS 0x0000000087600000, 0x0000000087600000| Untracked 
|  97|0x0000000087700000, 0x0000000087700000, 0x0000000087800000|  0%| F|  |TAMS 0x0000000087700000, 0x0000000087700000| Untracked 
|  98|0x0000000087800000, 0x0000000087800000, 0x0000000087900000|  0%| F|  |TAMS 0x0000000087800000, 0x0000000087800000| Untracked 
|  99|0x0000000087900000, 0x0000000087900000, 0x0000000087a00000|  0%| F|  |TAMS 0x0000000087900000, 0x0000000087900000| Untracked 
| 100|0x0000000087a00000, 0x0000000087a00000, 0x0000000087b00000|  0%| F|  |TAMS 0x0000000087a00000, 0x0000000087a00000| Untracked 
| 101|0x0000000087b00000, 0x0000000087b00000, 0x0000000087c00000|  0%| F|  |TAMS 0x0000000087b00000, 0x0000000087b00000| Untracked 
| 102|0x0000000087c00000, 0x0000000087c00000, 0x0000000087d00000|  0%| F|  |TAMS 0x0000000087c00000, 0x0000000087c00000| Untracked 
| 103|0x0000000087d00000, 0x0000000087d00000, 0x0000000087e00000|  0%| F|  |TAMS 0x0000000087d00000, 0x0000000087d00000| Untracked 
| 104|0x0000000087e00000, 0x0000000087e00000, 0x0000000087f00000|  0%| F|  |TAMS 0x0000000087e00000, 0x0000000087e00000| Untracked 
| 105|0x0000000087f00000, 0x0000000087f00000, 0x0000000088000000|  0%| F|  |TAMS 0x0000000087f00000, 0x0000000087f00000| Untracked 
| 106|0x0000000088000000, 0x0000000088000000, 0x0000000088100000|  0%| F|  |TAMS 0x0000000088000000, 0x0000000088000000| Untracked 
| 107|0x0000000088100000, 0x0000000088100000, 0x0000000088200000|  0%| F|  |TAMS 0x0000000088100000, 0x0000000088100000| Untracked 
| 108|0x0000000088200000, 0x0000000088200000, 0x0000000088300000|  0%| F|  |TAMS 0x0000000088200000, 0x0000000088200000| Untracked 
| 109|0x0000000088300000, 0x0000000088300000, 0x0000000088400000|  0%| F|  |TAMS 0x0000000088300000, 0x0000000088300000| Untracked 
| 110|0x0000000088400000, 0x0000000088400000, 0x0000000088500000|  0%| F|  |TAMS 0x0000000088400000, 0x0000000088400000| Untracked 
| 111|0x0000000088500000, 0x0000000088500000, 0x0000000088600000|  0%| F|  |TAMS 0x0000000088500000, 0x0000000088500000| Untracked 
| 112|0x0000000088600000, 0x0000000088600000, 0x0000000088700000|  0%| F|  |TAMS 0x0000000088600000, 0x0000000088600000| Untracked 
| 113|0x0000000088700000, 0x0000000088700000, 0x0000000088800000|  0%| F|  |TAMS 0x0000000088700000, 0x0000000088700000| Untracked 
| 114|0x0000000088800000, 0x0000000088800000, 0x0000000088900000|  0%| F|  |TAMS 0x0000000088800000, 0x0000000088800000| Untracked 
| 115|0x0000000088900000, 0x0000000088900000, 0x0000000088a00000|  0%| F|  |TAMS 0x0000000088900000, 0x0000000088900000| Untracked 
| 116|0x0000000088a00000, 0x0000000088a00000, 0x0000000088b00000|  0%| F|  |TAMS 0x0000000088a00000, 0x0000000088a00000| Untracked 
| 117|0x0000000088b00000, 0x0000000088b00000, 0x0000000088c00000|  0%| F|  |TAMS 0x0000000088b00000, 0x0000000088b00000| Untracked 
| 118|0x0000000088c00000, 0x0000000088c00000, 0x0000000088d00000|  0%| F|  |TAMS 0x0000000088c00000, 0x0000000088c00000| Untracked 
| 119|0x0000000088d00000, 0x0000000088d00000, 0x0000000088e00000|  0%| F|  |TAMS 0x0000000088d00000, 0x0000000088d00000| Untracked 
| 120|0x0000000088e00000, 0x0000000088e00000, 0x0000000088f00000|  0%| F|  |TAMS 0x0000000088e00000, 0x0000000088e00000| Untracked 
| 121|0x0000000088f00000, 0x0000000088f00000, 0x0000000089000000|  0%| F|  |TAMS 0x0000000088f00000, 0x0000000088f00000| Untracked 
| 122|0x0000000089000000, 0x0000000089000000, 0x0000000089100000|  0%| F|  |TAMS 0x0000000089000000, 0x0000000089000000| Untracked 
| 123|0x0000000089100000, 0x0000000089100000, 0x0000000089200000|  0%| F|  |TAMS 0x0000000089100000, 0x0000000089100000| Untracked 
| 124|0x0000000089200000, 0x0000000089200000, 0x0000000089300000|  0%| F|  |TAMS 0x0000000089200000, 0x0000000089200000| Untracked 
| 125|0x0000000089300000, 0x0000000089300000, 0x0000000089400000|  0%| F|  |TAMS 0x0000000089300000, 0x0000000089300000| Untracked 
| 126|0x0000000089400000, 0x0000000089400000, 0x0000000089500000|  0%| F|  |TAMS 0x0000000089400000, 0x0000000089400000| Untracked 
| 127|0x0000000089500000, 0x0000000089500000, 0x0000000089600000|  0%| F|  |TAMS 0x0000000089500000, 0x0000000089500000| Untracked 
| 128|0x0000000089600000, 0x0000000089600000, 0x0000000089700000|  0%| F|  |TAMS 0x0000000089600000, 0x0000000089600000| Untracked 
| 129|0x0000000089700000, 0x0000000089700000, 0x0000000089800000|  0%| F|  |TAMS 0x0000000089700000, 0x0000000089700000| Untracked 
| 130|0x0000000089800000, 0x0000000089800000, 0x0000000089900000|  0%| F|  |TAMS 0x0000000089800000, 0x0000000089800000| Untracked 
| 131|0x0000000089900000, 0x0000000089900000, 0x0000000089a00000|  0%| F|  |TAMS 0x0000000089900000, 0x0000000089900000| Untracked 
| 132|0x0000000089a00000, 0x0000000089a00000, 0x0000000089b00000|  0%| F|  |TAMS 0x0000000089a00000, 0x0000000089a00000| Untracked 
| 133|0x0000000089b00000, 0x0000000089b00000, 0x0000000089c00000|  0%| F|  |TAMS 0x0000000089b00000, 0x0000000089b00000| Untracked 
| 134|0x0000000089c00000, 0x0000000089c00000, 0x0000000089d00000|  0%| F|  |TAMS 0x0000000089c00000, 0x0000000089c00000| Untracked 
| 135|0x0000000089d00000, 0x0000000089d00000, 0x0000000089e00000|  0%| F|  |TAMS 0x0000000089d00000, 0x0000000089d00000| Untracked 
| 136|0x0000000089e00000, 0x0000000089e00000, 0x0000000089f00000|  0%| F|  |TAMS 0x0000000089e00000, 0x0000000089e00000| Untracked 
| 137|0x0000000089f00000, 0x0000000089f00000, 0x000000008a000000|  0%| F|  |TAMS 0x0000000089f00000, 0x0000000089f00000| Untracked 
| 138|0x000000008a000000, 0x000000008a000000, 0x000000008a100000|  0%| F|  |TAMS 0x000000008a000000, 0x000000008a000000| Untracked 
| 139|0x000000008a100000, 0x000000008a100000, 0x000000008a200000|  0%| F|  |TAMS 0x000000008a100000, 0x000000008a100000| Untracked 
| 140|0x000000008a200000, 0x000000008a200000, 0x000000008a300000|  0%| F|  |TAMS 0x000000008a200000, 0x000000008a200000| Untracked 
| 141|0x000000008a300000, 0x000000008a300000, 0x000000008a400000|  0%| F|  |TAMS 0x000000008a300000, 0x000000008a300000| Untracked 
| 142|0x000000008a400000, 0x000000008a400000, 0x000000008a500000|  0%| F|  |TAMS 0x000000008a400000, 0x000000008a400000| Untracked 
| 143|0x000000008a500000, 0x000000008a500000, 0x000000008a600000|  0%| F|  |TAMS 0x000000008a500000, 0x000000008a500000| Untracked 
| 144|0x000000008a600000, 0x000000008a600000, 0x000000008a700000|  0%| F|  |TAMS 0x000000008a600000, 0x000000008a600000| Untracked 
| 145|0x000000008a700000, 0x000000008a700000, 0x000000008a800000|  0%| F|  |TAMS 0x000000008a700000, 0x000000008a700000| Untracked 
| 146|0x000000008a800000, 0x000000008a800000, 0x000000008a900000|  0%| F|  |TAMS 0x000000008a800000, 0x000000008a800000| Untracked 
| 147|0x000000008a900000, 0x000000008a900000, 0x000000008aa00000|  0%| F|  |TAMS 0x000000008a900000, 0x000000008a900000| Untracked 
| 148|0x000000008aa00000, 0x000000008aa00000, 0x000000008ab00000|  0%| F|  |TAMS 0x000000008aa00000, 0x000000008aa00000| Untracked 
| 149|0x000000008ab00000, 0x000000008ab00000, 0x000000008ac00000|  0%| F|  |TAMS 0x000000008ab00000, 0x000000008ab00000| Untracked 
| 150|0x000000008ac00000, 0x000000008ac00000, 0x000000008ad00000|  0%| F|  |TAMS 0x000000008ac00000, 0x000000008ac00000| Untracked 
| 151|0x000000008ad00000, 0x000000008ad00000, 0x000000008ae00000|  0%| F|  |TAMS 0x000000008ad00000, 0x000000008ad00000| Untracked 
| 152|0x000000008ae00000, 0x000000008ae00000, 0x000000008af00000|  0%| F|  |TAMS 0x000000008ae00000, 0x000000008ae00000| Untracked 
| 153|0x000000008af00000, 0x000000008af00000, 0x000000008b000000|  0%| F|  |TAMS 0x000000008af00000, 0x000000008af00000| Untracked 

Card table byte_map: [0x0000019a4e170000,0x0000019a4e570000] _byte_map_base: 0x0000019a4dd65000

Marking Bits (Prev, Next): (CMBitMap*) 0x0000019a35906440, (CMBitMap*) 0x0000019a35906408
 Prev Bits: [0x0000019a50920000, 0x0000019a528c8000)
 Next Bits: [0x0000019a4e970000, 0x0000019a50918000)

Polling page: 0x0000019a359b0000

Metaspace:

Usage:
  Non-class:     22.56 MB capacity,    22.26 MB ( 99%) used,   276.39 KB (  1%) free+waste,    29.88 KB ( <1%) overhead. 
      Class:      2.65 MB capacity,     2.47 MB ( 93%) used,   171.32 KB (  6%) free+waste,    11.94 KB ( <1%) overhead. 
       Both:     25.21 MB capacity,    24.73 MB ( 98%) used,   447.71 KB (  2%) free+waste,    41.81 KB ( <1%) overhead. 

Virtual space:
  Non-class space:       24.00 MB reserved,      22.67 MB ( 94%) committed 
      Class space:        1.00 GB reserved,       2.75 MB ( <1%) committed 
             Both:        1.02 GB reserved,      25.42 MB (  2%) committed 

Chunk freelists:
   Non-Class:  6.75 KB
       Class:  640 bytes
        Both:  7.38 KB

CodeHeap 'non-profiled nmethods': size=120064Kb used=2598Kb max_used=2598Kb free=117465Kb
 bounds [0x0000019a46200000, 0x0000019a46490000, 0x0000019a4d740000]
CodeHeap 'profiled nmethods': size=120000Kb used=9756Kb max_used=9756Kb free=110244Kb
 bounds [0x0000019a3ecd0000, 0x0000019a3f660000, 0x0000019a46200000]
CodeHeap 'non-nmethods': size=5696Kb used=1130Kb max_used=1179Kb free=4565Kb
 bounds [0x0000019a3e740000, 0x0000019a3e9b0000, 0x0000019a3ecd0000]
 total_blobs=4756 nmethods=4298 adapters=369
 compilation: enabled
              stopped_count=0, restarted_count=0
 full_count=0

Compilation events (10 events):
Event: 12.272 Thread 0x0000019a56091000 nmethod 4334 0x0000019a46477510 code [0x0000019a46477720, 0x0000019a464790d8]
Event: 12.298 Thread 0x0000019a56091000 4336       4       aQute.lib.osgi.Jar::getResource (14 bytes)
Event: 12.305 Thread 0x0000019a56091000 nmethod 4336 0x0000019a46479d10 code [0x0000019a46479ec0, 0x0000019a4647a3c8]
Event: 12.311 Thread 0x0000019a54f4f800 4337       3       java.util.zip.ZipInputStream::closeEntry (31 bytes)
Event: 12.311 Thread 0x0000019a54f4f800 nmethod 4337 0x0000019a3f656990 code [0x0000019a3f656b60, 0x0000019a3f656ed8]
Event: 12.318 Thread 0x0000019a54f39800 nmethod 4309% 0x0000019a4647a610 code [0x0000019a4647b0e0, 0x0000019a46484350]
Event: 12.383 Thread 0x0000019a56091000 4338   !   4       aQute.lib.osgi.Clazz::parseClassFile (1213 bytes)
Event: 12.394 Thread 0x0000019a54f39800 4339       4       java.util.HashSet::remove (20 bytes)
Event: 12.397 Thread 0x0000019a54f39800 nmethod 4339 0x0000019a46489510 code [0x0000019a464896c0, 0x0000019a46489938]
Event: 12.430 Thread 0x0000019a54f39800 4340   !   4       aQute.lib.osgi.Clazz::parseClassFile (41 bytes)

GC Heap History (10 events):
Event: 11.690 GC heap after
{Heap after GC invocations=13 (full 0):
 garbage-first heap   total 131072K, used 49178K [0x0000000081600000, 0x0000000100000000)
  region size 1024K, 5 young (5120K), 5 survivors (5120K)
 Metaspace       used 25308K, capacity 25749K, committed 26032K, reserved 1073152K
  class space    used 2531K, capacity 2715K, committed 2816K, reserved 1048576K
}
Event: 11.894 GC heap before
{Heap before GC invocations=13 (full 0):
 garbage-first heap   total 131072K, used 104474K [0x0000000081600000, 0x0000000100000000)
  region size 1024K, 60 young (61440K), 5 survivors (5120K)
 Metaspace       used 25308K, capacity 25749K, committed 26032K, reserved 1073152K
  class space    used 2531K, capacity 2715K, committed 2816K, reserved 1048576K
}
Event: 11.901 GC heap after
{Heap after GC invocations=14 (full 0):
 garbage-first heap   total 157696K, used 51918K [0x0000000081600000, 0x0000000100000000)
  region size 1024K, 7 young (7168K), 7 survivors (7168K)
 Metaspace       used 25308K, capacity 25749K, committed 26032K, reserved 1073152K
  class space    used 2531K, capacity 2715K, committed 2816K, reserved 1048576K
}
Event: 12.124 GC heap before
{Heap before GC invocations=14 (full 0):
 garbage-first heap   total 157696K, used 118478K [0x0000000081600000, 0x0000000100000000)
  region size 1024K, 73 young (74752K), 7 survivors (7168K)
 Metaspace       used 25319K, capacity 25813K, committed 26032K, reserved 1073152K
  class space    used 2531K, capacity 2715K, committed 2816K, reserved 1048576K
}
Event: 12.131 GC heap after
{Heap after GC invocations=15 (full 0):
 garbage-first heap   total 157696K, used 55805K [0x0000000081600000, 0x0000000100000000)
  region size 1024K, 8 young (8192K), 8 survivors (8192K)
 Metaspace       used 25319K, capacity 25813K, committed 26032K, reserved 1073152K
  class space    used 2531K, capacity 2715K, committed 2816K, reserved 1048576K
}
Event: 12.251 GC heap before
{Heap before GC invocations=15 (full 0):
 garbage-first heap   total 157696K, used 121341K [0x0000000081600000, 0x0000000100000000)
  region size 1024K, 73 young (74752K), 8 survivors (8192K)
 Metaspace       used 25323K, capacity 25813K, committed 26032K, reserved 1073152K
  class space    used 2531K, capacity 2715K, committed 2816K, reserved 1048576K
}
Event: 12.257 GC heap after
{Heap after GC invocations=16 (full 0):
 garbage-first heap   total 157696K, used 58472K [0x0000000081600000, 0x0000000100000000)
  region size 1024K, 7 young (7168K), 7 survivors (7168K)
 Metaspace       used 25323K, capacity 25813K, committed 26032K, reserved 1073152K
  class space    used 2531K, capacity 2715K, committed 2816K, reserved 1048576K
}
Event: 12.344 GC heap before
{Heap before GC invocations=16 (full 0):
 garbage-first heap   total 157696K, used 124008K [0x0000000081600000, 0x0000000100000000)
  region size 1024K, 72 young (73728K), 7 survivors (7168K)
 Metaspace       used 25323K, capacity 25813K, committed 26032K, reserved 1073152K
  class space    used 2531K, capacity 2715K, committed 2816K, reserved 1048576K
}
Event: 12.350 GC heap after
{Heap after GC invocations=17 (full 0):
 garbage-first heap   total 157696K, used 61954K [0x0000000081600000, 0x0000000100000000)
  region size 1024K, 6 young (6144K), 6 survivors (6144K)
 Metaspace       used 25323K, capacity 25813K, committed 26032K, reserved 1073152K
  class space    used 2531K, capacity 2715K, committed 2816K, reserved 1048576K
}
Event: 12.437 GC heap before
{Heap before GC invocations=17 (full 0):
 garbage-first heap   total 157696K, used 126466K [0x0000000081600000, 0x0000000100000000)
  region size 1024K, 70 young (71680K), 6 survivors (6144K)
 Metaspace       used 25323K, capacity 25813K, committed 26032K, reserved 1073152K
  class space    used 2531K, capacity 2715K, committed 2816K, reserved 1048576K
}

Deoptimization events (10 events):
Event: 11.331 Thread 0x0000019a358c6800 Uncommon trap: reason=bimorphic_or_optimized_type_check action=maybe_recompile pc=0x0000019a4643f350 method=java.io.DataInputStream.readUnsignedShort()I @ 4 c2
Event: 11.331 Thread 0x0000019a358c6800 Uncommon trap: reason=class_check action=maybe_recompile pc=0x0000019a46447a8c method=java.io.DataInputStream.readByte()B @ 4 c2
Event: 11.331 Thread 0x0000019a358c6800 Uncommon trap: reason=bimorphic_or_optimized_type_check action=maybe_recompile pc=0x0000019a4643f350 method=java.io.DataInputStream.readUnsignedShort()I @ 4 c2
Event: 11.331 Thread 0x0000019a358c6800 Uncommon trap: reason=class_check action=maybe_recompile pc=0x0000019a46447a8c method=java.io.DataInputStream.readByte()B @ 4 c2
Event: 11.331 Thread 0x0000019a358c6800 Uncommon trap: reason=class_check action=maybe_recompile pc=0x0000019a46447a8c method=java.io.DataInputStream.readByte()B @ 4 c2
Event: 11.332 Thread 0x0000019a358c6800 Uncommon trap: reason=bimorphic_or_optimized_type_check action=maybe_recompile pc=0x0000019a4643d860 method=java.io.DataInputStream.readUnsignedShort()I @ 4 c2
Event: 11.332 Thread 0x0000019a358c6800 Uncommon trap: reason=class_check action=maybe_recompile pc=0x0000019a46447a8c method=java.io.DataInputStream.readByte()B @ 4 c2
Event: 12.033 Thread 0x0000019a358c6800 Uncommon trap: reason=unstable_if action=reinterpret pc=0x0000019a4646d7ac method=aQute.lib.osgi.Clazz.doAttribute(Ljava/io/DataInputStream;Ljava/lang/annotation/ElementType;Z)V @ 150 c2
Event: 12.186 Thread 0x0000019a358c6800 Uncommon trap: reason=unstable_if action=reinterpret pc=0x0000019a46473d38 method=aQute.lib.osgi.Analyzer.getPackage(Ljava/lang/String;)Ljava/lang/String; @ 8 c2
Event: 12.192 Thread 0x0000019a358c6800 Uncommon trap: reason=unstable_if action=reinterpret pc=0x0000019a4645acd4 method=java.io.DataInputStream.readUTF(Ljava/io/DataInput;)Ljava/lang/String; @ 154 c2

Classes redefined (0 events):
No events

Internal exceptions (10 events):
Event: 10.321 Thread 0x0000019a358c6800 Exception <a 'java/lang/NoClassDefFoundError'{0x000000008706a658}: org/sonatype/aether/artifact/Artifact> (0x000000008706a658) thrown at [./open/src/hotspot/share/classfile/systemDictionary.cpp, line 215]
Event: 10.322 Thread 0x0000019a358c6800 Exception <a 'java/lang/NoClassDefFoundError'{0x0000000087079728}: org/sonatype/aether/installation/InstallationException> (0x0000000087079728) thrown at [./open/src/hotspot/share/classfile/systemDictionary.cpp, line 215]
Event: 10.324 Thread 0x0000019a358c6800 Exception <a 'java/lang/NoClassDefFoundError'{0x00000000870a0748}: org/sonatype/aether/metadata/Metadata> (0x00000000870a0748) thrown at [./open/src/hotspot/share/classfile/systemDictionary.cpp, line 215]
Event: 10.338 Thread 0x0000019a358c6800 Exception <a 'java/lang/NoClassDefFoundError'{0x0000000086f5a0d8}: org/sonatype/aether/deployment/DeploymentException> (0x0000000086f5a0d8) thrown at [./open/src/hotspot/share/classfile/systemDictionary.cpp, line 215]
Event: 10.342 Thread 0x0000019a358c6800 Exception <a 'java/lang/NoClassDefFoundError'{0x0000000086f856b0}: org/sonatype/aether/resolution/ArtifactDescriptorException> (0x0000000086f856b0) thrown at [./open/src/hotspot/share/classfile/systemDictionary.cpp, line 215]
Event: 10.344 Thread 0x0000019a358c6800 Exception <a 'java/lang/NoClassDefFoundError'{0x0000000086fa3528}: org/sonatype/aether/artifact/ArtifactType> (0x0000000086fa3528) thrown at [./open/src/hotspot/share/classfile/systemDictionary.cpp, line 215]
Event: 10.344 Thread 0x0000019a358c6800 Exception <a 'java/lang/NoClassDefFoundError'{0x0000000086fa9ba8}: org/sonatype/aether/metadata/Metadata> (0x0000000086fa9ba8) thrown at [./open/src/hotspot/share/classfile/systemDictionary.cpp, line 215]
Event: 10.371 Thread 0x0000019a58a1c800 Implicit null exception at 0x0000019a4634bc6d to 0x0000019a4634bd50
Event: 10.410 Thread 0x0000019a58a1c800 Exception <a 'java/lang/NoSuchMethodError'{0x0000000086d57630}: java.lang.invoke.DirectMethodHandle$Holder.invokeStaticInit(Ljava/lang/Object;Ljava/lang/Object;JLjava/lang/Object;)Ljava/lang/Object;> (0x0000000086d57630) thrown at [./open/src/hotspot/shar
Event: 10.412 Thread 0x0000019a58a1c800 Exception <a 'java/lang/NoSuchMethodError'{0x0000000086d63790}: java.lang.invoke.Invokers$Holder.linkToTargetMethod(Ljava/lang/Object;JLjava/lang/Object;)Ljava/lang/Object;> (0x0000000086d63790) thrown at [./open/src/hotspot/share/interpreter/linkResolver

Events (10 events):
Event: 12.416 Thread 0x0000019a358c6800 DEOPT UNPACKING pc=0x0000019a3e766dde sp=0x00000003a38fceb0 mode 0
Event: 12.420 Thread 0x0000019a358c6800 DEOPT PACKING pc=0x0000019a3f6429aa sp=0x00000003a38fd870
Event: 12.420 Thread 0x0000019a358c6800 DEOPT UNPACKING pc=0x0000019a3e766dde sp=0x00000003a38fceb0 mode 0
Event: 12.424 Thread 0x0000019a358c6800 DEOPT PACKING pc=0x0000019a3f6429aa sp=0x00000003a38fd870
Event: 12.424 Thread 0x0000019a358c6800 DEOPT UNPACKING pc=0x0000019a3e766dde sp=0x00000003a38fceb0 mode 0
Event: 12.428 Thread 0x0000019a358c6800 DEOPT PACKING pc=0x0000019a3f6429aa sp=0x00000003a38fd870
Event: 12.428 Thread 0x0000019a358c6800 DEOPT UNPACKING pc=0x0000019a3e766dde sp=0x00000003a38fceb0 mode 0
Event: 12.431 Thread 0x0000019a358c6800 DEOPT PACKING pc=0x0000019a3f6429aa sp=0x00000003a38fd870
Event: 12.431 Thread 0x0000019a358c6800 DEOPT UNPACKING pc=0x0000019a3e766dde sp=0x00000003a38fceb0 mode 0
Event: 12.437 Executing VM operation: G1CollectForAllocation


Dynamic libraries:
0x00007ff7c2f50000 - 0x00007ff7c2f5f000 	C:\Program Files\Java\jdk-11.0.14\bin\javaw.exe
0x00007ffc18510000 - 0x00007ffc18705000 	C:\WINDOWS\SYSTEM32\ntdll.dll
0x00007ffc18200000 - 0x00007ffc182be000 	C:\WINDOWS\System32\KERNEL32.DLL
0x00007ffc15fb0000 - 0x00007ffc16278000 	C:\WINDOWS\System32\KERNELBASE.dll
0x00007ffc16470000 - 0x00007ffc16570000 	C:\WINDOWS\System32\ucrtbase.dll
0x00007ffc10520000 - 0x00007ffc10538000 	C:\Program Files\Java\jdk-11.0.14\bin\jli.dll
0x00007ffc171e0000 - 0x00007ffc1728e000 	C:\WINDOWS\System32\ADVAPI32.dll
0x00007ffc02a10000 - 0x00007ffc02a25000 	C:\Program Files\Java\jdk-11.0.14\bin\VCRUNTIME140.dll
0x00007ffc17b30000 - 0x00007ffc17bce000 	C:\WINDOWS\System32\msvcrt.dll
0x00007ffc16890000 - 0x00007ffc1692c000 	C:\WINDOWS\System32\sechost.dll
0x00007ffc179f0000 - 0x00007ffc17b15000 	C:\WINDOWS\System32\RPCRT4.dll
0x00007ffc16570000 - 0x00007ffc16710000 	C:\WINDOWS\System32\USER32.dll
0x00007ffc15f80000 - 0x00007ffc15fa2000 	C:\WINDOWS\System32\win32u.dll
0x00007ffc17440000 - 0x00007ffc1746b000 	C:\WINDOWS\System32\GDI32.dll
0x00007ffc16280000 - 0x00007ffc1638b000 	C:\WINDOWS\System32\gdi32full.dll
0x00007ffc15de0000 - 0x00007ffc15e7d000 	C:\WINDOWS\System32\msvcp_win.dll
0x00007ffc025c0000 - 0x00007ffc0285a000 	C:\WINDOWS\WinSxS\amd64_microsoft.windows.common-controls_6595b64144ccf1df_6.0.19041.1110_none_60b5254171f9507e\COMCTL32.dll
0x00007ffc09ef0000 - 0x00007ffc09efa000 	C:\WINDOWS\SYSTEM32\VERSION.dll
0x00007ffc167f0000 - 0x00007ffc16820000 	C:\WINDOWS\System32\IMM32.DLL
0x00007ffbdf050000 - 0x00007ffbdf0eb000 	C:\Program Files\Java\jdk-11.0.14\bin\msvcp140.dll
0x00007ffbd4530000 - 0x00007ffbd5046000 	C:\Program Files\Java\jdk-11.0.14\bin\server\jvm.dll
0x00007ffc17b20000 - 0x00007ffc17b28000 	C:\WINDOWS\System32\PSAPI.DLL
0x00007ffbf09d0000 - 0x00007ffbf09d9000 	C:\WINDOWS\SYSTEM32\WSOCK32.dll
0x00007ffc07aa0000 - 0x00007ffc07ac7000 	C:\WINDOWS\SYSTEM32\WINMM.dll
0x00007ffc16820000 - 0x00007ffc1688b000 	C:\WINDOWS\System32\WS2_32.dll
0x00007ffc144d0000 - 0x00007ffc144e2000 	C:\WINDOWS\SYSTEM32\kernel.appcore.dll
0x00007ffc03f40000 - 0x00007ffc03f50000 	C:\Program Files\Java\jdk-11.0.14\bin\verify.dll
0x00007ffc10e70000 - 0x00007ffc11054000 	C:\WINDOWS\SYSTEM32\DBGHELP.DLL
0x00007ffc082f0000 - 0x00007ffc0831c000 	C:\WINDOWS\SYSTEM32\dbgcore.DLL
0x00007ffc15e80000 - 0x00007ffc15f02000 	C:\WINDOWS\System32\bcryptPrimitives.dll
0x00007ffbebb40000 - 0x00007ffbebb68000 	C:\Program Files\Java\jdk-11.0.14\bin\java.dll
0x00007ffc03f00000 - 0x00007ffc03f0a000 	C:\Program Files\Java\jdk-11.0.14\bin\jimage.dll
0x00007ffbe7ab0000 - 0x00007ffbe7ac6000 	C:\Program Files\Java\jdk-11.0.14\bin\zip.dll
0x00007ffc16950000 - 0x00007ffc17094000 	C:\WINDOWS\System32\SHELL32.dll
0x00007ffc13a00000 - 0x00007ffc14194000 	C:\WINDOWS\SYSTEM32\windows.storage.dll
0x00007ffc17df0000 - 0x00007ffc18144000 	C:\WINDOWS\System32\combase.dll
0x00007ffc15690000 - 0x00007ffc156bc000 	C:\WINDOWS\SYSTEM32\Wldp.dll
0x00007ffc17940000 - 0x00007ffc179ed000 	C:\WINDOWS\System32\SHCORE.dll
0x00007ffc170a0000 - 0x00007ffc170f5000 	C:\WINDOWS\System32\shlwapi.dll
0x00007ffc15b70000 - 0x00007ffc15b8f000 	C:\WINDOWS\SYSTEM32\profapi.dll
0x00007ffbe5ba0000 - 0x00007ffbe5bb9000 	C:\Program Files\Java\jdk-11.0.14\bin\net.dll
0x00007ffc07f20000 - 0x00007ffc08029000 	C:\WINDOWS\SYSTEM32\WINHTTP.dll
0x00007ffc153f0000 - 0x00007ffc1545a000 	C:\WINDOWS\system32\mswsock.dll
0x00007ffbe5270000 - 0x00007ffbe5282000 	C:\Program Files\Java\jdk-11.0.14\bin\nio.dll
0x00007ffc155e0000 - 0x00007ffc155f8000 	C:\WINDOWS\SYSTEM32\CRYPTSP.dll
0x00007ffc14d00000 - 0x00007ffc14d34000 	C:\WINDOWS\system32\rsaenh.dll
0x00007ffc16440000 - 0x00007ffc16467000 	C:\WINDOWS\System32\bcrypt.dll
0x00007ffc15af0000 - 0x00007ffc15b1e000 	C:\WINDOWS\SYSTEM32\USERENV.dll
0x00007ffc15600000 - 0x00007ffc1560c000 	C:\WINDOWS\SYSTEM32\CRYPTBASE.dll
0x00007ffc15090000 - 0x00007ffc150cb000 	C:\WINDOWS\SYSTEM32\IPHLPAPI.DLL
0x00007ffc17c50000 - 0x00007ffc17c58000 	C:\WINDOWS\System32\NSI.dll
0x00007ffc0bc60000 - 0x00007ffc0bc77000 	C:\WINDOWS\SYSTEM32\dhcpcsvc6.DLL
0x00007ffc0ce50000 - 0x00007ffc0ce6d000 	C:\WINDOWS\SYSTEM32\dhcpcsvc.DLL
0x00007ffc150e0000 - 0x00007ffc151aa000 	C:\WINDOWS\SYSTEM32\DNSAPI.dll
0x00007ffc14400000 - 0x00007ffc1440a000 	C:\Users\84967\AppData\Local\Temp\jansi-1.17.1-1531999799128811300.dll
0x00007ffc10510000 - 0x00007ffc1051a000 	C:\Users\84967\AppData\Local\Temp\jansi-1.17.1-9676253663410570534.dll

dbghelp: loaded successfully - version: 4.0.5 - missing functions: none
symbol engine: initialized successfully - sym options: 0x614 - pdb path: .;C:\Program Files\Java\jdk-11.0.14\bin;C:\WINDOWS\SYSTEM32;C:\WINDOWS\WinSxS\amd64_microsoft.windows.common-controls_6595b64144ccf1df_6.0.19041.1110_none_60b5254171f9507e;C:\Program Files\Java\jdk-11.0.14\bin\server;C:\Users\84967\AppData\Local\Temp

VM Arguments:
jvm_args: -Dmaven.home=EMBEDDED -Dclassworlds.conf=D:\Thuc Tap\eclipse-workspace\.metadata\.plugins\org.eclipse.m2e.launching\launches\m2conf15746491663445977784.tmp -Dmaven.multiModuleProjectDirectory=D:\Thuc Tap\phan mem\C-Biomarker.net -Dfile.encoding=Cp1252 
java_command: org.codehaus.plexus.classworlds.launcher.Launcher -B install
java_class_path (initial): C:\Users\84967\.p2\pool\plugins\org.eclipse.m2e.maven.runtime_1.18.1.20211011-2139\jars\plexus-classworlds-2.6.0.jar
Launcher Type: SUN_STANDARD

[Global flags]
     intx CICompilerCount                          = 3                                         {product} {ergonomic}
     uint ConcGCThreads                            = 1                                         {product} {ergonomic}
     uint G1ConcRefinementThreads                  = 4                                         {product} {ergonomic}
   size_t G1HeapRegionSize                         = 1048576                                   {product} {ergonomic}
    uintx GCDrainStackTargetSize                   = 64                                        {product} {ergonomic}
   size_t InitialHeapSize                          = 134217728                                 {product} {ergonomic}
   size_t MarkStackSize                            = 4194304                                   {product} {ergonomic}
   size_t MaxHeapSize                              = 2124414976                                {product} {ergonomic}
   size_t MaxNewSize                               = 1274019840                                {product} {ergonomic}
   size_t MinHeapDeltaBytes                        = 1048576                                   {product} {ergonomic}
    uintx NonNMethodCodeHeapSize                   = 5830732                                {pd product} {ergonomic}
    uintx NonProfiledCodeHeapSize                  = 122913754                              {pd product} {ergonomic}
    uintx ProfiledCodeHeapSize                     = 122913754                              {pd product} {ergonomic}
    uintx ReservedCodeCacheSize                    = 251658240                              {pd product} {ergonomic}
     bool SegmentedCodeCache                       = true                                      {product} {ergonomic}
     bool UseCompressedClassPointers               = true                                 {lp64_product} {ergonomic}
     bool UseCompressedOops                        = true                                 {lp64_product} {ergonomic}
     bool UseG1GC                                  = true                                      {product} {ergonomic}
     bool UseLargePagesIndividualAllocation        = false                                  {pd product} {ergonomic}

Logging:
Log output configuration:
 #0: stdout all=warning uptime,level,tags
 #1: stderr all=off uptime,level,tags

Environment Variables:
JAVA_HOME=C:\Program Files\Java\jdk-11.0.14
CLASSPATH=C:\Program Files\Java\jdk-11.0.9\lib
PATH=C:/Program Files/Java/jdk-11.0.14/bin/server;C:/Program Files/Java/jdk-11.0.14/bin;C:\Program Files\Java\jdk-11.0.14\bin;C:\Program Files\Common Files\Oracle\Java\javapath;C:\Program Files\Java\jdk1.8.0_321\bin;C:\Program Files (x86)\Common Files\Oracle\Java\javapath;C:\WINDOWS\system32;C:\WINDOWS;C:\WINDOWS\System32\Wbem;C:\WINDOWS\System32\WindowsPowerShell\v1.0\;C:\WINDOWS\System32\OpenSSH\;C:\Program Files\Microsoft SQL Server\130\Tools\Binn\;C:\Program Files\Microsoft SQL Server\Client SDK\ODBC\170\Tools\Binn\;C:\Program Files\Microsoft SQL Server\120\DTS\Binn\;C:\Program Files\Microsoft SQL Server\Client SDK\ODBC\110\Tools\Binn\;C:\Program Files (x86)\Microsoft SQL Server\120\Tools\Binn\;C:\Program Files\Microsoft SQL Server\120\Tools\Binn\;C:\Program Files (x86)\Microsoft SQL Server\120\Tools\Binn\ManagementStudio\;C:\Program Files (x86)\Microsoft SQL Server\120\DTS\Binn\;C:\Program Files\nodejs\;D:\download\apache-maven-3.8.4\bin;C:\Program Files\Git\cmd;C:\Program Files\Java\jdk-11.0.9\bin;C:\Users\84967\AppData\Local\Programs\Microsoft VS Code\bin;C:\Users\84967\AppData\Local\Microsoft\WindowsApps;C:\Users\84967\AppData\Roaming\npm;D:\Thuc Tap\JetBrains\IntelliJ IDEA Community Edition 2021.3.2\bin;;C:\Users\84967\Desktop;
USERNAME=tuananh
OS=Windows_NT
PROCESSOR_IDENTIFIER=Intel64 Family 6 Model 69 Stepping 1, GenuineIntel



---------------  S Y S T E M  ---------------

OS: Windows 10 , 64 bit Build 19041 (10.0.19041.1566)

CPU:total 4 (initial active 4) (2 cores per cpu, 2 threads per core) family 6 model 69 stepping 1 microcode 0x25, cmov, cx8, fxsr, mmx, sse, sse2, sse3, ssse3, sse4.1, sse4.2, popcnt, avx, avx2, aes, clmul, erms, lzcnt, ht, tsc, tscinvbit, bmi1, bmi2, fma

Memory: 4k page, system-wide physical 8097M (1294M free)
TotalPageFile size 10005M (AvailPageFile size 33M)
current process WorkingSet (physical memory assigned to process): 260M, peak: 263M
current process commit charge ("private bytes"): 294M, peak: 395M

vm_info: Java HotSpot(TM) 64-Bit Server VM (11.0.14+8-LTS-263) for windows-amd64 JRE (11.0.14+8-LTS-263), built on Dec  7 2021 21:53:57 by "mach5one" with MS VC++ 15.9 (VS2017)

END.
